<?xml version="1.0" encoding="UTF-8"?>
<!-- Generated by org.testng.reporters.JUnitXMLReporter -->
<testsuite hostname="DESKTOP-4PF73VM" ignored="0" name="Sample test" tests="1" failures="1" timestamp="06 May 2020 22:54:51 GMT" time="14.798" errors="0">
  <testcase name="validLoginTest" time="0.468" classname="com.training.sanity.tests.LoginTests">
    <failure type="java.lang.StackOverflowError">
      <![CDATA[java.lang.StackOverflowError
	at com.training.pom.LoginPOM.clickLoginBtn(LoginPOM.java:44)
	at com.training.pom.LoginPOM.clickLoginBtn(LoginPOM.java:44)
	at com.training.pom.LoginPOM.clickLoginBtn(LoginPOM.java:44)
	at com.training.pom.LoginPOM.clickLoginBtn(LoginPOM.java:44)
	at com.training.pom.LoginPOM.clickLoginBtn(LoginPOM.java:44)
	at com.training.pom.LoginPOM.clickLoginBtn(LoginPOM.java:44)
	at com.training.pom.LoginPOM.clickLoginBtn(LoginPOM.java:44)
	at com.training.pom.LoginPOM.clickLoginBtn(LoginPOM.java:44)
	at com.training.pom.LoginPOM.clickLoginBtn(LoginPOM.java:44)
	at com.training.pom.LoginPOM.clickLoginBtn(LoginPOM.java:44)
	at com.training.pom.LoginPOM.clickLoginBtn(LoginPOM.java:44)
	at com.training.pom.LoginPOM.clickLoginBtn(LoginPOM.java:44)
	at com.training.pom.LoginPOM.clickLoginBtn(LoginPOM.java:44)
	at com.training.pom.LoginPOM.clickLoginBtn(LoginPOM.java:44)
	at com.training.pom.LoginPOM.clickLoginBtn(LoginPOM.java:44)
	at com.training.pom.LoginPOM.clickLoginBtn(LoginPOM.java:44)
	at com.training.pom.LoginPOM.clickLoginBtn(LoginPOM.java:44)
	at com.training.pom.LoginPOM.clickLoginBtn(LoginPOM.java:44)
	at com.training.pom.LoginPOM.clickLoginBtn(LoginPOM.java:44)
	at com.training.pom.LoginPOM.clickLoginBtn(LoginPOM.java:44)
	at com.training.pom.LoginPOM.clickLoginBtn(LoginPOM.java:44)
	at com.training.pom.LoginPOM.clickLoginBtn(LoginPOM.java:44)
	at com.training.pom.LoginPOM.clickLoginBtn(LoginPOM.java:44)
	at com.training.pom.LoginPOM.clickLoginBtn(LoginPOM.java:44)
	at com.training.pom.LoginPOM.clickLoginBtn(LoginPOM.java:44)
	at com.training.pom.LoginPOM.clickLoginBtn(LoginPOM.java:44)
	at com.training.pom.LoginPOM.clickLoginBtn(LoginPOM.java:44)
	at com.training.pom.LoginPOM.clickLoginBtn(LoginPOM.java:44)
	at com.training.pom.LoginPOM.clickLoginBtn(LoginPOM.java:44)
	at com.training.pom.LoginPOM.clickLoginBtn(LoginPOM.java:44)
	at com.training.pom.LoginPOM.clickLoginBtn(LoginPOM.java:44)
	at com.training.pom.LoginPOM.clickLoginBtn(LoginPOM.java:44)
	at com.training.pom.LoginPOM.clickLoginBtn(LoginPOM.java:44)
	at com.training.pom.LoginPOM.clickLoginBtn(LoginPOM.java:44)
	at com.training.pom.LoginPOM.clickLoginBtn(LoginPOM.java:44)
	at com.training.pom.LoginPOM.clickLoginBtn(LoginPOM.java:44)
	at com.training.pom.LoginPOM.clickLoginBtn(LoginPOM.java:44)
	at com.training.pom.LoginPOM.clickLoginBtn(LoginPOM.java:44)
	at com.training.pom.LoginPOM.clickLoginBtn(LoginPOM.java:44)
	at com.training.pom.LoginPOM.clickLoginBtn(LoginPOM.java:44)
	at com.training.pom.LoginPOM.clickLoginBtn(LoginPOM.java:44)
	at com.training.pom.LoginPOM.clickLoginBtn(LoginPOM.java:44)
	at com.training.pom.LoginPOM.clickLoginBtn(LoginPOM.java:44)
	at com.training.pom.LoginPOM.clickLoginBtn(LoginPOM.java:44)
	at com.training.pom.LoginPOM.clickLoginBtn(LoginPOM.java:44)
	at com.training.pom.LoginPOM.clickLoginBtn(LoginPOM.java:44)
	at com.training.pom.LoginPOM.clickLoginBtn(LoginPOM.java:44)
	at com.training.pom.LoginPOM.clickLoginBtn(LoginPOM.java:44)
	at com.training.pom.LoginPOM.clickLoginBtn(LoginPOM.java:44)
	at com.training.pom.LoginPOM.clickLoginBtn(LoginPOM.java:44)
	at com.training.pom.LoginPOM.clickLoginBtn(LoginPOM.java:44)
	at com.training.pom.LoginPOM.clickLoginBtn(LoginPOM.java:44)
	at com.training.pom.LoginPOM.clickLoginBtn(LoginPOM.java:44)
	at com.training.pom.LoginPOM.clickLoginBtn(LoginPOM.java:44)
	at com.training.pom.LoginPOM.clickLoginBtn(LoginPOM.java:44)
	at com.training.pom.LoginPOM.clickLoginBtn(LoginPOM.java:44)
	at com.training.pom.LoginPOM.clickLoginBtn(LoginPOM.java:44)
	at com.training.pom.LoginPOM.clickLoginBtn(LoginPOM.java:44)
	at com.training.pom.LoginPOM.clickLoginBtn(LoginPOM.java:44)
	at com.training.pom.LoginPOM.clickLoginBtn(LoginPOM.java:44)
	at com.training.pom.LoginPOM.clickLoginBtn(LoginPOM.java:44)
	at com.training.pom.LoginPOM.clickLoginBtn(LoginPOM.java:44)
	at com.training.pom.LoginPOM.clickLoginBtn(LoginPOM.java:44)
	at com.training.pom.LoginPOM.clickLoginBtn(LoginPOM.java:44)
	at com.training.pom.LoginPOM.clickLoginBtn(LoginPOM.java:44)
	at com.training.pom.LoginPOM.clickLoginBtn(LoginPOM.java:44)
	at com.training.pom.LoginPOM.clickLoginBtn(LoginPOM.java:44)
	at com.training.pom.LoginPOM.clickLoginBtn(LoginPOM.java:44)
	at com.training.pom.LoginPOM.clickLoginBtn(LoginPOM.java:44)
	at com.training.pom.LoginPOM.clickLoginBtn(LoginPOM.java:44)
	at com.training.pom.LoginPOM.clickLoginBtn(LoginPOM.java:44)
	at com.training.pom.LoginPOM.clickLoginBtn(LoginPOM.java:44)
	at com.training.pom.LoginPOM.clickLoginBtn(LoginPOM.java:44)
	at com.training.pom.LoginPOM.clickLoginBtn(LoginPOM.java:44)
	at com.training.pom.LoginPOM.clickLoginBtn(LoginPOM.java:44)
	at com.training.pom.LoginPOM.clickLoginBtn(LoginPOM.java:44)
	at com.training.pom.LoginPOM.clickLoginBtn(LoginPOM.java:44)
	at com.training.pom.LoginPOM.clickLoginBtn(LoginPOM.java:44)
	at com.training.pom.LoginPOM.clickLoginBtn(LoginPOM.java:44)
	at com.training.pom.LoginPOM.clickLoginBtn(LoginPOM.java:44)
	at com.training.pom.LoginPOM.clickLoginBtn(LoginPOM.java:44)
	at com.training.pom.LoginPOM.clickLoginBtn(LoginPOM.java:44)
	at com.training.pom.LoginPOM.clickLoginBtn(LoginPOM.java:44)
	at com.training.pom.LoginPOM.clickLoginBtn(LoginPOM.java:44)
	at com.training.pom.LoginPOM.clickLoginBtn(LoginPOM.java:44)
	at com.training.pom.LoginPOM.clickLoginBtn(LoginPOM.java:44)
	at com.training.pom.LoginPOM.clickLoginBtn(LoginPOM.java:44)
	at com.training.pom.LoginPOM.clickLoginBtn(LoginPOM.java:44)
	at com.training.pom.LoginPOM.clickLoginBtn(LoginPOM.java:44)
	at com.training.pom.LoginPOM.clickLoginBtn(LoginPOM.java:44)
	at com.training.pom.LoginPOM.clickLoginBtn(LoginPOM.java:44)
	at com.training.pom.LoginPOM.clickLoginBtn(LoginPOM.java:44)
	at com.training.pom.LoginPOM.clickLoginBtn(LoginPOM.java:44)
	at com.training.pom.LoginPOM.clickLoginBtn(LoginPOM.java:44)
	at com.training.pom.LoginPOM.clickLoginBtn(LoginPOM.java:44)
	at com.training.pom.LoginPOM.clickLoginBtn(LoginPOM.java:44)
	at com.training.pom.LoginPOM.clickLoginBtn(LoginPOM.java:44)
	at com.training.pom.LoginPOM.clickLoginBtn(LoginPOM.java:44)
	at com.training.pom.LoginPOM.clickLoginBtn(LoginPOM.java:44)
	at com.training.pom.LoginPOM.clickLoginBtn(LoginPOM.java:44)
	at com.training.pom.LoginPOM.clickLoginBtn(LoginPOM.java:44)
	at com.training.pom.LoginPOM.clickLoginBtn(LoginPOM.java:44)
	at com.training.pom.LoginPOM.clickLoginBtn(LoginPOM.java:44)
	at com.training.pom.LoginPOM.clickLoginBtn(LoginPOM.java:44)
	at com.training.pom.LoginPOM.clickLoginBtn(LoginPOM.java:44)
	at com.training.pom.LoginPOM.clickLoginBtn(LoginPOM.java:44)
	at com.training.pom.LoginPOM.clickLoginBtn(LoginPOM.java:44)
	at com.training.pom.LoginPOM.clickLoginBtn(LoginPOM.java:44)
	at com.training.pom.LoginPOM.clickLoginBtn(LoginPOM.java:44)
	at com.training.pom.LoginPOM.clickLoginBtn(LoginPOM.java:44)
	at com.training.pom.LoginPOM.clickLoginBtn(LoginPOM.java:44)
	at com.training.pom.LoginPOM.clickLoginBtn(LoginPOM.java:44)
	at com.training.pom.LoginPOM.clickLoginBtn(LoginPOM.java:44)
	at com.training.pom.LoginPOM.clickLoginBtn(LoginPOM.java:44)
	at com.training.pom.LoginPOM.clickLoginBtn(LoginPOM.java:44)
	at com.training.pom.LoginPOM.clickLoginBtn(LoginPOM.java:44)
	at com.training.pom.LoginPOM.clickLoginBtn(LoginPOM.java:44)
	at com.training.pom.LoginPOM.clickLoginBtn(LoginPOM.java:44)
	at com.training.pom.LoginPOM.clickLoginBtn(LoginPOM.java:44)
	at com.training.pom.LoginPOM.clickLoginBtn(LoginPOM.java:44)
	at com.training.pom.LoginPOM.clickLoginBtn(LoginPOM.java:44)
	at com.training.pom.LoginPOM.clickLoginBtn(LoginPOM.java:44)
	at com.training.pom.LoginPOM.clickLoginBtn(LoginPOM.java:44)
	at com.training.pom.LoginPOM.clickLoginBtn(LoginPOM.java:44)
	at com.training.pom.LoginPOM.clickLoginBtn(LoginPOM.java:44)
	at com.training.pom.LoginPOM.clickLoginBtn(LoginPOM.java:44)
	at com.training.pom.LoginPOM.clickLoginBtn(LoginPOM.java:44)
	at com.training.pom.LoginPOM.clickLoginBtn(LoginPOM.java:44)
	at com.training.pom.LoginPOM.clickLoginBtn(LoginPOM.java:44)
	at com.training.pom.LoginPOM.clickLoginBtn(LoginPOM.java:44)
	at com.training.pom.LoginPOM.clickLoginBtn(LoginPOM.java:44)
	at com.training.pom.LoginPOM.clickLoginBtn(LoginPOM.java:44)
	at com.training.pom.LoginPOM.clickLoginBtn(LoginPOM.java:44)
	at com.training.pom.LoginPOM.clickLoginBtn(LoginPOM.java:44)
	at com.training.pom.LoginPOM.clickLoginBtn(LoginPOM.java:44)
	at com.training.pom.LoginPOM.clickLoginBtn(LoginPOM.java:44)
	at com.training.pom.LoginPOM.clickLoginBtn(LoginPOM.java:44)
	at com.training.pom.LoginPOM.clickLoginBtn(LoginPOM.java:44)
	at com.training.pom.LoginPOM.clickLoginBtn(LoginPOM.java:44)
	at com.training.pom.LoginPOM.clickLoginBtn(LoginPOM.java:44)
	at com.training.pom.LoginPOM.clickLoginBtn(LoginPOM.java:44)
	at com.training.pom.LoginPOM.clickLoginBtn(LoginPOM.java:44)
	at com.training.pom.LoginPOM.clickLoginBtn(LoginPOM.java:44)
	at com.training.pom.LoginPOM.clickLoginBtn(LoginPOM.java:44)
	at com.training.pom.LoginPOM.clickLoginBtn(LoginPOM.java:44)
	at com.training.pom.LoginPOM.clickLoginBtn(LoginPOM.java:44)
	at com.training.pom.LoginPOM.clickLoginBtn(LoginPOM.java:44)
	at com.training.pom.LoginPOM.clickLoginBtn(LoginPOM.java:44)
	at com.training.pom.LoginPOM.clickLoginBtn(LoginPOM.java:44)
	at com.training.pom.LoginPOM.clickLoginBtn(LoginPOM.java:44)
	at com.training.pom.LoginPOM.clickLoginBtn(LoginPOM.java:44)
	at com.training.pom.LoginPOM.clickLoginBtn(LoginPOM.java:44)
	at com.training.pom.LoginPOM.clickLoginBtn(LoginPOM.java:44)
	at com.training.pom.LoginPOM.clickLoginBtn(LoginPOM.java:44)
	at com.training.pom.LoginPOM.clickLoginBtn(LoginPOM.java:44)
	at com.training.pom.LoginPOM.clickLoginBtn(LoginPOM.java:44)
	at com.training.pom.LoginPOM.clickLoginBtn(LoginPOM.java:44)
	at com.training.pom.LoginPOM.clickLoginBtn(LoginPOM.java:44)
	at com.training.pom.LoginPOM.clickLoginBtn(LoginPOM.java:44)
	at com.training.pom.LoginPOM.clickLoginBtn(LoginPOM.java:44)
	at com.training.pom.LoginPOM.clickLoginBtn(LoginPOM.java:44)
	at com.training.pom.LoginPOM.clickLoginBtn(LoginPOM.java:44)
	at com.training.pom.LoginPOM.clickLoginBtn(LoginPOM.java:44)
	at com.training.pom.LoginPOM.clickLoginBtn(LoginPOM.java:44)
	at com.training.pom.LoginPOM.clickLoginBtn(LoginPOM.java:44)
	at com.training.pom.LoginPOM.clickLoginBtn(LoginPOM.java:44)
	at com.training.pom.LoginPOM.clickLoginBtn(LoginPOM.java:44)
	at com.training.pom.LoginPOM.clickLoginBtn(LoginPOM.java:44)
	at com.training.pom.LoginPOM.clickLoginBtn(LoginPOM.java:44)
	at com.training.pom.LoginPOM.clickLoginBtn(LoginPOM.java:44)
	at com.training.pom.LoginPOM.clickLoginBtn(LoginPOM.java:44)
	at com.training.pom.LoginPOM.clickLoginBtn(LoginPOM.java:44)
	at com.training.pom.LoginPOM.clickLoginBtn(LoginPOM.java:44)
	at com.training.pom.LoginPOM.clickLoginBtn(LoginPOM.java:44)
	at com.training.pom.LoginPOM.clickLoginBtn(LoginPOM.java:44)
	at com.training.pom.LoginPOM.clickLoginBtn(LoginPOM.java:44)
	at com.training.pom.LoginPOM.clickLoginBtn(LoginPOM.java:44)
	at com.training.pom.LoginPOM.clickLoginBtn(LoginPOM.java:44)
	at com.training.pom.LoginPOM.clickLoginBtn(LoginPOM.java:44)
	at com.training.pom.LoginPOM.clickLoginBtn(LoginPOM.java:44)
	at com.training.pom.LoginPOM.clickLoginBtn(LoginPOM.java:44)
	at com.training.pom.LoginPOM.clickLoginBtn(LoginPOM.java:44)
	at com.training.pom.LoginPOM.clickLoginBtn(LoginPOM.java:44)
	at com.training.pom.LoginPOM.clickLoginBtn(LoginPOM.java:44)
	at com.training.pom.LoginPOM.clickLoginBtn(LoginPOM.java:44)
	at com.training.pom.LoginPOM.clickLoginBtn(LoginPOM.java:44)
	at com.training.pom.LoginPOM.clickLoginBtn(LoginPOM.java:44)
	at com.training.pom.LoginPOM.clickLoginBtn(LoginPOM.java:44)
	at com.training.pom.LoginPOM.clickLoginBtn(LoginPOM.java:44)
	at com.training.pom.LoginPOM.clickLoginBtn(LoginPOM.java:44)
	at com.training.pom.LoginPOM.clickLoginBtn(LoginPOM.java:44)
	at com.training.pom.LoginPOM.clickLoginBtn(LoginPOM.java:44)
	at com.training.pom.LoginPOM.clickLoginBtn(LoginPOM.java:44)
	at com.training.pom.LoginPOM.clickLoginBtn(LoginPOM.java:44)
	at com.training.pom.LoginPOM.clickLoginBtn(LoginPOM.java:44)
	at com.training.pom.LoginPOM.clickLoginBtn(LoginPOM.java:44)
	at com.training.pom.LoginPOM.clickLoginBtn(LoginPOM.java:44)
	at com.training.pom.LoginPOM.clickLoginBtn(LoginPOM.java:44)
	at com.training.pom.LoginPOM.clickLoginBtn(LoginPOM.java:44)
	at com.training.pom.LoginPOM.clickLoginBtn(LoginPOM.java:44)
	at com.training.pom.LoginPOM.clickLoginBtn(LoginPOM.java:44)
	at com.training.pom.LoginPOM.clickLoginBtn(LoginPOM.java:44)
	at com.training.pom.LoginPOM.clickLoginBtn(LoginPOM.java:44)
	at com.training.pom.LoginPOM.clickLoginBtn(LoginPOM.java:44)
	at com.training.pom.LoginPOM.clickLoginBtn(LoginPOM.java:44)
	at com.training.pom.LoginPOM.clickLoginBtn(LoginPOM.java:44)
	at com.training.pom.LoginPOM.clickLoginBtn(LoginPOM.java:44)
	at com.training.pom.LoginPOM.clickLoginBtn(LoginPOM.java:44)
	at com.training.pom.LoginPOM.clickLoginBtn(LoginPOM.java:44)
	at com.training.pom.LoginPOM.clickLoginBtn(LoginPOM.java:44)
	at com.training.pom.LoginPOM.clickLoginBtn(LoginPOM.java:44)
	at com.training.pom.LoginPOM.clickLoginBtn(LoginPOM.java:44)
	at com.training.pom.LoginPOM.clickLoginBtn(LoginPOM.java:44)
	at com.training.pom.LoginPOM.clickLoginBtn(LoginPOM.java:44)
	at com.training.pom.LoginPOM.clickLoginBtn(LoginPOM.java:44)
	at com.training.pom.LoginPOM.clickLoginBtn(LoginPOM.java:44)
	at com.training.pom.LoginPOM.clickLoginBtn(LoginPOM.java:44)
	at com.training.pom.LoginPOM.clickLoginBtn(LoginPOM.java:44)
	at com.training.pom.LoginPOM.clickLoginBtn(LoginPOM.java:44)
	at com.training.pom.LoginPOM.clickLoginBtn(LoginPOM.java:44)
	at com.training.pom.LoginPOM.clickLoginBtn(LoginPOM.java:44)
	at com.training.pom.LoginPOM.clickLoginBtn(LoginPOM.java:44)
	at com.training.pom.LoginPOM.clickLoginBtn(LoginPOM.java:44)
	at com.training.pom.LoginPOM.clickLoginBtn(LoginPOM.java:44)
	at com.training.pom.LoginPOM.clickLoginBtn(LoginPOM.java:44)
	at com.training.pom.LoginPOM.clickLoginBtn(LoginPOM.java:44)
	at com.training.pom.LoginPOM.clickLoginBtn(LoginPOM.java:44)
	at com.training.pom.LoginPOM.clickLoginBtn(LoginPOM.java:44)
	at com.training.pom.LoginPOM.clickLoginBtn(LoginPOM.java:44)
	at com.training.pom.LoginPOM.clickLoginBtn(LoginPOM.java:44)
	at com.training.pom.LoginPOM.clickLoginBtn(LoginPOM.java:44)
	at com.training.pom.LoginPOM.clickLoginBtn(LoginPOM.java:44)
	at com.training.pom.LoginPOM.clickLoginBtn(LoginPOM.java:44)
	at com.training.pom.LoginPOM.clickLoginBtn(LoginPOM.java:44)
	at com.training.pom.LoginPOM.clickLoginBtn(LoginPOM.java:44)
	at com.training.pom.LoginPOM.clickLoginBtn(LoginPOM.java:44)
	at com.training.pom.LoginPOM.clickLoginBtn(LoginPOM.java:44)
	at com.training.pom.LoginPOM.clickLoginBtn(LoginPOM.java:44)
	at com.training.pom.LoginPOM.clickLoginBtn(LoginPOM.java:44)
	at com.training.pom.LoginPOM.clickLoginBtn(LoginPOM.java:44)
	at com.training.pom.LoginPOM.clickLoginBtn(LoginPOM.java:44)
	at com.training.pom.LoginPOM.clickLoginBtn(LoginPOM.java:44)
	at com.training.pom.LoginPOM.clickLoginBtn(LoginPOM.java:44)
	at com.training.pom.LoginPOM.clickLoginBtn(LoginPOM.java:44)
	at com.training.pom.LoginPOM.clickLoginBtn(LoginPOM.java:44)
	at com.training.pom.LoginPOM.clickLoginBtn(LoginPOM.java:44)
	at com.training.pom.LoginPOM.clickLoginBtn(LoginPOM.java:44)
	at com.training.pom.LoginPOM.clickLoginBtn(LoginPOM.java:44)
	at com.training.pom.LoginPOM.clickLoginBtn(LoginPOM.java:44)
	at com.training.pom.LoginPOM.clickLoginBtn(LoginPOM.java:44)
	at com.training.pom.LoginPOM.clickLoginBtn(LoginPOM.java:44)
	at com.training.pom.LoginPOM.clickLoginBtn(LoginPOM.java:44)
	at com.training.pom.LoginPOM.clickLoginBtn(LoginPOM.java:44)
	at com.training.pom.LoginPOM.clickLoginBtn(LoginPOM.java:44)
	at com.training.pom.LoginPOM.clickLoginBtn(LoginPOM.java:44)
	at com.training.pom.LoginPOM.clickLoginBtn(LoginPOM.java:44)
	at com.training.pom.LoginPOM.clickLoginBtn(LoginPOM.java:44)
	at com.training.pom.LoginPOM.clickLoginBtn(LoginPOM.java:44)
	at com.training.pom.LoginPOM.clickLoginBtn(LoginPOM.java:44)
	at com.training.pom.LoginPOM.clickLoginBtn(LoginPOM.java:44)
	at com.training.pom.LoginPOM.clickLoginBtn(LoginPOM.java:44)
	at com.training.pom.LoginPOM.clickLoginBtn(LoginPOM.java:44)
	at com.training.pom.LoginPOM.clickLoginBtn(LoginPOM.java:44)
	at com.training.pom.LoginPOM.clickLoginBtn(LoginPOM.java:44)
	at com.training.pom.LoginPOM.clickLoginBtn(LoginPOM.java:44)
	at com.training.pom.LoginPOM.clickLoginBtn(LoginPOM.java:44)
	at com.training.pom.LoginPOM.clickLoginBtn(LoginPOM.java:44)
	at com.training.pom.LoginPOM.clickLoginBtn(LoginPOM.java:44)
	at com.training.pom.LoginPOM.clickLoginBtn(LoginPOM.java:44)
	at com.training.pom.LoginPOM.clickLoginBtn(LoginPOM.java:44)
	at com.training.pom.LoginPOM.clickLoginBtn(LoginPOM.java:44)
	at com.training.pom.LoginPOM.clickLoginBtn(LoginPOM.java:44)
	at com.training.pom.LoginPOM.clickLoginBtn(LoginPOM.java:44)
	at com.training.pom.LoginPOM.clickLoginBtn(LoginPOM.java:44)
	at com.training.pom.LoginPOM.clickLoginBtn(LoginPOM.java:44)
	at com.training.pom.LoginPOM.clickLoginBtn(LoginPOM.java:44)
	at com.training.pom.LoginPOM.clickLoginBtn(LoginPOM.java:44)
	at com.training.pom.LoginPOM.clickLoginBtn(LoginPOM.java:44)
	at com.training.pom.LoginPOM.clickLoginBtn(LoginPOM.java:44)
	at com.training.pom.LoginPOM.clickLoginBtn(LoginPOM.java:44)
	at com.training.pom.LoginPOM.clickLoginBtn(LoginPOM.java:44)
	at com.training.pom.LoginPOM.clickLoginBtn(LoginPOM.java:44)
	at com.training.pom.LoginPOM.clickLoginBtn(LoginPOM.java:44)
	at com.training.pom.LoginPOM.clickLoginBtn(LoginPOM.java:44)
	at com.training.pom.LoginPOM.clickLoginBtn(LoginPOM.java:44)
	at com.training.pom.LoginPOM.clickLoginBtn(LoginPOM.java:44)
	at com.training.pom.LoginPOM.clickLoginBtn(LoginPOM.java:44)
	at com.training.pom.LoginPOM.clickLoginBtn(LoginPOM.java:44)
	at com.training.pom.LoginPOM.clickLoginBtn(LoginPOM.java:44)
	at com.training.pom.LoginPOM.clickLoginBtn(LoginPOM.java:44)
	at com.training.pom.LoginPOM.clickLoginBtn(LoginPOM.java:44)
	at com.training.pom.LoginPOM.clickLoginBtn(LoginPOM.java:44)
	at com.training.pom.LoginPOM.clickLoginBtn(LoginPOM.java:44)
	at com.training.pom.LoginPOM.clickLoginBtn(LoginPOM.java:44)
	at com.training.pom.LoginPOM.clickLoginBtn(LoginPOM.java:44)
	at com.training.pom.LoginPOM.clickLoginBtn(LoginPOM.java:44)
	at com.training.pom.LoginPOM.clickLoginBtn(LoginPOM.java:44)
	at com.training.pom.LoginPOM.clickLoginBtn(LoginPOM.java:44)
	at com.training.pom.LoginPOM.clickLoginBtn(LoginPOM.java:44)
	at com.training.pom.LoginPOM.clickLoginBtn(LoginPOM.java:44)
	at com.training.pom.LoginPOM.clickLoginBtn(LoginPOM.java:44)
	at com.training.pom.LoginPOM.clickLoginBtn(LoginPOM.java:44)
	at com.training.pom.LoginPOM.clickLoginBtn(LoginPOM.java:44)
	at com.training.pom.LoginPOM.clickLoginBtn(LoginPOM.java:44)
	at com.training.pom.LoginPOM.clickLoginBtn(LoginPOM.java:44)
	at com.training.pom.LoginPOM.clickLoginBtn(LoginPOM.java:44)
	at com.training.pom.LoginPOM.clickLoginBtn(LoginPOM.java:44)
	at com.training.pom.LoginPOM.clickLoginBtn(LoginPOM.java:44)
	at com.training.pom.LoginPOM.clickLoginBtn(LoginPOM.java:44)
	at com.training.pom.LoginPOM.clickLoginBtn(LoginPOM.java:44)
	at com.training.pom.LoginPOM.clickLoginBtn(LoginPOM.java:44)
	at com.training.pom.LoginPOM.clickLoginBtn(LoginPOM.java:44)
	at com.training.pom.LoginPOM.clickLoginBtn(LoginPOM.java:44)
	at com.training.pom.LoginPOM.clickLoginBtn(LoginPOM.java:44)
	at com.training.pom.LoginPOM.clickLoginBtn(LoginPOM.java:44)
	at com.training.pom.LoginPOM.clickLoginBtn(LoginPOM.java:44)
	at com.training.pom.LoginPOM.clickLoginBtn(LoginPOM.java:44)
	at com.training.pom.LoginPOM.clickLoginBtn(LoginPOM.java:44)
	at com.training.pom.LoginPOM.clickLoginBtn(LoginPOM.java:44)
	at com.training.pom.LoginPOM.clickLoginBtn(LoginPOM.java:44)
	at com.training.pom.LoginPOM.clickLoginBtn(LoginPOM.java:44)
	at com.training.pom.LoginPOM.clickLoginBtn(LoginPOM.java:44)
	at com.training.pom.LoginPOM.clickLoginBtn(LoginPOM.java:44)
	at com.training.pom.LoginPOM.clickLoginBtn(LoginPOM.java:44)
	at com.training.pom.LoginPOM.clickLoginBtn(LoginPOM.java:44)
	at com.training.pom.LoginPOM.clickLoginBtn(LoginPOM.java:44)
	at com.training.pom.LoginPOM.clickLoginBtn(LoginPOM.java:44)
	at com.training.pom.LoginPOM.clickLoginBtn(LoginPOM.java:44)
	at com.training.pom.LoginPOM.clickLoginBtn(LoginPOM.java:44)
	at com.training.pom.LoginPOM.clickLoginBtn(LoginPOM.java:44)
	at com.training.pom.LoginPOM.clickLoginBtn(LoginPOM.java:44)
	at com.training.pom.LoginPOM.clickLoginBtn(LoginPOM.java:44)
	at com.training.pom.LoginPOM.clickLoginBtn(LoginPOM.java:44)
	at com.training.pom.LoginPOM.clickLoginBtn(LoginPOM.java:44)
	at com.training.pom.LoginPOM.clickLoginBtn(LoginPOM.java:44)
	at com.training.pom.LoginPOM.clickLoginBtn(LoginPOM.java:44)
	at com.training.pom.LoginPOM.clickLoginBtn(LoginPOM.java:44)
	at com.training.pom.LoginPOM.clickLoginBtn(LoginPOM.java:44)
	at com.training.pom.LoginPOM.clickLoginBtn(LoginPOM.java:44)
	at com.training.pom.LoginPOM.clickLoginBtn(LoginPOM.java:44)
	at com.training.pom.LoginPOM.clickLoginBtn(LoginPOM.java:44)
	at com.training.pom.LoginPOM.clickLoginBtn(LoginPOM.java:44)
	at com.training.pom.LoginPOM.clickLoginBtn(LoginPOM.java:44)
	at com.training.pom.LoginPOM.clickLoginBtn(LoginPOM.java:44)
	at com.training.pom.LoginPOM.clickLoginBtn(LoginPOM.java:44)
	at com.training.pom.LoginPOM.clickLoginBtn(LoginPOM.java:44)
	at com.training.pom.LoginPOM.clickLoginBtn(LoginPOM.java:44)
	at com.training.pom.LoginPOM.clickLoginBtn(LoginPOM.java:44)
	at com.training.pom.LoginPOM.clickLoginBtn(LoginPOM.java:44)
	at com.training.pom.LoginPOM.clickLoginBtn(LoginPOM.java:44)
	at com.training.pom.LoginPOM.clickLoginBtn(LoginPOM.java:44)
	at com.training.pom.LoginPOM.clickLoginBtn(LoginPOM.java:44)
	at com.training.pom.LoginPOM.clickLoginBtn(LoginPOM.java:44)
	at com.training.pom.LoginPOM.clickLoginBtn(LoginPOM.java:44)
	at com.training.pom.LoginPOM.clickLoginBtn(LoginPOM.java:44)
	at com.training.pom.LoginPOM.clickLoginBtn(LoginPOM.java:44)
	at com.training.pom.LoginPOM.clickLoginBtn(LoginPOM.java:44)
	at com.training.pom.LoginPOM.clickLoginBtn(LoginPOM.java:44)
	at com.training.pom.LoginPOM.clickLoginBtn(LoginPOM.java:44)
	at com.training.pom.LoginPOM.clickLoginBtn(LoginPOM.java:44)
	at com.training.pom.LoginPOM.clickLoginBtn(LoginPOM.java:44)
	at com.training.pom.LoginPOM.clickLoginBtn(LoginPOM.java:44)
	at com.training.pom.LoginPOM.clickLoginBtn(LoginPOM.java:44)
	at com.training.pom.LoginPOM.clickLoginBtn(LoginPOM.java:44)
	at com.training.pom.LoginPOM.clickLoginBtn(LoginPOM.java:44)
	at com.training.pom.LoginPOM.clickLoginBtn(LoginPOM.java:44)
	at com.training.pom.LoginPOM.clickLoginBtn(LoginPOM.java:44)
	at com.training.pom.LoginPOM.clickLoginBtn(LoginPOM.java:44)
	at com.training.pom.LoginPOM.clickLoginBtn(LoginPOM.java:44)
	at com.training.pom.LoginPOM.clickLoginBtn(LoginPOM.java:44)
	at com.training.pom.LoginPOM.clickLoginBtn(LoginPOM.java:44)
	at com.training.pom.LoginPOM.clickLoginBtn(LoginPOM.java:44)
	at com.training.pom.LoginPOM.clickLoginBtn(LoginPOM.java:44)
	at com.training.pom.LoginPOM.clickLoginBtn(LoginPOM.java:44)
	at com.training.pom.LoginPOM.clickLoginBtn(LoginPOM.java:44)
	at com.training.pom.LoginPOM.clickLoginBtn(LoginPOM.java:44)
	at com.training.pom.LoginPOM.clickLoginBtn(LoginPOM.java:44)
	at com.training.pom.LoginPOM.clickLoginBtn(LoginPOM.java:44)
	at com.training.pom.LoginPOM.clickLoginBtn(LoginPOM.java:44)
	at com.training.pom.LoginPOM.clickLoginBtn(LoginPOM.java:44)
	at com.training.pom.LoginPOM.clickLoginBtn(LoginPOM.java:44)
	at com.training.pom.LoginPOM.clickLoginBtn(LoginPOM.java:44)
	at com.training.pom.LoginPOM.clickLoginBtn(LoginPOM.java:44)
	at com.training.pom.LoginPOM.clickLoginBtn(LoginPOM.java:44)
	at com.training.pom.LoginPOM.clickLoginBtn(LoginPOM.java:44)
	at com.training.pom.LoginPOM.clickLoginBtn(LoginPOM.java:44)
	at com.training.pom.LoginPOM.clickLoginBtn(LoginPOM.java:44)
	at com.training.pom.LoginPOM.clickLoginBtn(LoginPOM.java:44)
	at com.training.pom.LoginPOM.clickLoginBtn(LoginPOM.java:44)
	at com.training.pom.LoginPOM.clickLoginBtn(LoginPOM.java:44)
	at com.training.pom.LoginPOM.clickLoginBtn(LoginPOM.java:44)
	at com.training.pom.LoginPOM.clickLoginBtn(LoginPOM.java:44)
	at com.training.pom.LoginPOM.clickLoginBtn(LoginPOM.java:44)
	at com.training.pom.LoginPOM.clickLoginBtn(LoginPOM.java:44)
	at com.training.pom.LoginPOM.clickLoginBtn(LoginPOM.java:44)
	at com.training.pom.LoginPOM.clickLoginBtn(LoginPOM.java:44)
	at com.training.pom.LoginPOM.clickLoginBtn(LoginPOM.java:44)
	at com.training.pom.LoginPOM.clickLoginBtn(LoginPOM.java:44)
	at com.training.pom.LoginPOM.clickLoginBtn(LoginPOM.java:44)
	at com.training.pom.LoginPOM.clickLoginBtn(LoginPOM.java:44)
	at com.training.pom.LoginPOM.clickLoginBtn(LoginPOM.java:44)
	at com.training.pom.LoginPOM.clickLoginBtn(LoginPOM.java:44)
	at com.training.pom.LoginPOM.clickLoginBtn(LoginPOM.java:44)
	at com.training.pom.LoginPOM.clickLoginBtn(LoginPOM.java:44)
	at com.training.pom.LoginPOM.clickLoginBtn(LoginPOM.java:44)
	at com.training.pom.LoginPOM.clickLoginBtn(LoginPOM.java:44)
	at com.training.pom.LoginPOM.clickLoginBtn(LoginPOM.java:44)
	at com.training.pom.LoginPOM.clickLoginBtn(LoginPOM.java:44)
	at com.training.pom.LoginPOM.clickLoginBtn(LoginPOM.java:44)
	at com.training.pom.LoginPOM.clickLoginBtn(LoginPOM.java:44)
	at com.training.pom.LoginPOM.clickLoginBtn(LoginPOM.java:44)
	at com.training.pom.LoginPOM.clickLoginBtn(LoginPOM.java:44)
	at com.training.pom.LoginPOM.clickLoginBtn(LoginPOM.java:44)
	at com.training.pom.LoginPOM.clickLoginBtn(LoginPOM.java:44)
	at com.training.pom.LoginPOM.clickLoginBtn(LoginPOM.java:44)
	at com.training.pom.LoginPOM.clickLoginBtn(LoginPOM.java:44)
	at com.training.pom.LoginPOM.clickLoginBtn(LoginPOM.java:44)
	at com.training.pom.LoginPOM.clickLoginBtn(LoginPOM.java:44)
	at com.training.pom.LoginPOM.clickLoginBtn(LoginPOM.java:44)
	at com.training.pom.LoginPOM.clickLoginBtn(LoginPOM.java:44)
	at com.training.pom.LoginPOM.clickLoginBtn(LoginPOM.java:44)
	at com.training.pom.LoginPOM.clickLoginBtn(LoginPOM.java:44)
	at com.training.pom.LoginPOM.clickLoginBtn(LoginPOM.java:44)
	at com.training.pom.LoginPOM.clickLoginBtn(LoginPOM.java:44)
	at com.training.pom.LoginPOM.clickLoginBtn(LoginPOM.java:44)
	at com.training.pom.LoginPOM.clickLoginBtn(LoginPOM.java:44)
	at com.training.pom.LoginPOM.clickLoginBtn(LoginPOM.java:44)
	at com.training.pom.LoginPOM.clickLoginBtn(LoginPOM.java:44)
	at com.training.pom.LoginPOM.clickLoginBtn(LoginPOM.java:44)
	at com.training.pom.LoginPOM.clickLoginBtn(LoginPOM.java:44)
	at com.training.pom.LoginPOM.clickLoginBtn(LoginPOM.java:44)
	at com.training.pom.LoginPOM.clickLoginBtn(LoginPOM.java:44)
	at com.training.pom.LoginPOM.clickLoginBtn(LoginPOM.java:44)
	at com.training.pom.LoginPOM.clickLoginBtn(LoginPOM.java:44)
	at com.training.pom.LoginPOM.clickLoginBtn(LoginPOM.java:44)
	at com.training.pom.LoginPOM.clickLoginBtn(LoginPOM.java:44)
	at com.training.pom.LoginPOM.clickLoginBtn(LoginPOM.java:44)
	at com.training.pom.LoginPOM.clickLoginBtn(LoginPOM.java:44)
	at com.training.pom.LoginPOM.clickLoginBtn(LoginPOM.java:44)
	at com.training.pom.LoginPOM.clickLoginBtn(LoginPOM.java:44)
	at com.training.pom.LoginPOM.clickLoginBtn(LoginPOM.java:44)
	at com.training.pom.LoginPOM.clickLoginBtn(LoginPOM.java:44)
	at com.training.pom.LoginPOM.clickLoginBtn(LoginPOM.java:44)
	at com.training.pom.LoginPOM.clickLoginBtn(LoginPOM.java:44)
	at com.training.pom.LoginPOM.clickLoginBtn(LoginPOM.java:44)
	at com.training.pom.LoginPOM.clickLoginBtn(LoginPOM.java:44)
	at com.training.pom.LoginPOM.clickLoginBtn(LoginPOM.java:44)
	at com.training.pom.LoginPOM.clickLoginBtn(LoginPOM.java:44)
	at com.training.pom.LoginPOM.clickLoginBtn(LoginPOM.java:44)
	at com.training.pom.LoginPOM.clickLoginBtn(LoginPOM.java:44)
	at com.training.pom.LoginPOM.clickLoginBtn(LoginPOM.java:44)
	at com.training.pom.LoginPOM.clickLoginBtn(LoginPOM.java:44)
	at com.training.pom.LoginPOM.clickLoginBtn(LoginPOM.java:44)
	at com.training.pom.LoginPOM.clickLoginBtn(LoginPOM.java:44)
	at com.training.pom.LoginPOM.clickLoginBtn(LoginPOM.java:44)
	at com.training.pom.LoginPOM.clickLoginBtn(LoginPOM.java:44)
	at com.training.pom.LoginPOM.clickLoginBtn(LoginPOM.java:44)
	at com.training.pom.LoginPOM.clickLoginBtn(LoginPOM.java:44)
	at com.training.pom.LoginPOM.clickLoginBtn(LoginPOM.java:44)
	at com.training.pom.LoginPOM.clickLoginBtn(LoginPOM.java:44)
	at com.training.pom.LoginPOM.clickLoginBtn(LoginPOM.java:44)
	at com.training.pom.LoginPOM.clickLoginBtn(LoginPOM.java:44)
	at com.training.pom.LoginPOM.clickLoginBtn(LoginPOM.java:44)
	at com.training.pom.LoginPOM.clickLoginBtn(LoginPOM.java:44)
	at com.training.pom.LoginPOM.clickLoginBtn(LoginPOM.java:44)
	at com.training.pom.LoginPOM.clickLoginBtn(LoginPOM.java:44)
	at com.training.pom.LoginPOM.clickLoginBtn(LoginPOM.java:44)
	at com.training.pom.LoginPOM.clickLoginBtn(LoginPOM.java:44)
	at com.training.pom.LoginPOM.clickLoginBtn(LoginPOM.java:44)
	at com.training.pom.LoginPOM.clickLoginBtn(LoginPOM.java:44)
	at com.training.pom.LoginPOM.clickLoginBtn(LoginPOM.java:44)
	at com.training.pom.LoginPOM.clickLoginBtn(LoginPOM.java:44)
	at com.training.pom.LoginPOM.clickLoginBtn(LoginPOM.java:44)
	at com.training.pom.LoginPOM.clickLoginBtn(LoginPOM.java:44)
	at com.training.pom.LoginPOM.clickLoginBtn(LoginPOM.java:44)
	at com.training.pom.LoginPOM.clickLoginBtn(LoginPOM.java:44)
	at com.training.pom.LoginPOM.clickLoginBtn(LoginPOM.java:44)
	at com.training.pom.LoginPOM.clickLoginBtn(LoginPOM.java:44)
	at com.training.pom.LoginPOM.clickLoginBtn(LoginPOM.java:44)
	at com.training.pom.LoginPOM.clickLoginBtn(LoginPOM.java:44)
	at com.training.pom.LoginPOM.clickLoginBtn(LoginPOM.java:44)
	at com.training.pom.LoginPOM.clickLoginBtn(LoginPOM.java:44)
	at com.training.pom.LoginPOM.clickLoginBtn(LoginPOM.java:44)
	at com.training.pom.LoginPOM.clickLoginBtn(LoginPOM.java:44)
	at com.training.pom.LoginPOM.clickLoginBtn(LoginPOM.java:44)
	at com.training.pom.LoginPOM.clickLoginBtn(LoginPOM.java:44)
	at com.training.pom.LoginPOM.clickLoginBtn(LoginPOM.java:44)
	at com.training.pom.LoginPOM.clickLoginBtn(LoginPOM.java:44)
	at com.training.pom.LoginPOM.clickLoginBtn(LoginPOM.java:44)
	at com.training.pom.LoginPOM.clickLoginBtn(LoginPOM.java:44)
	at com.training.pom.LoginPOM.clickLoginBtn(LoginPOM.java:44)
	at com.training.pom.LoginPOM.clickLoginBtn(LoginPOM.java:44)
	at com.training.pom.LoginPOM.clickLoginBtn(LoginPOM.java:44)
	at com.training.pom.LoginPOM.clickLoginBtn(LoginPOM.java:44)
	at com.training.pom.LoginPOM.clickLoginBtn(LoginPOM.java:44)
	at com.training.pom.LoginPOM.clickLoginBtn(LoginPOM.java:44)
	at com.training.pom.LoginPOM.clickLoginBtn(LoginPOM.java:44)
	at com.training.pom.LoginPOM.clickLoginBtn(LoginPOM.java:44)
	at com.training.pom.LoginPOM.clickLoginBtn(LoginPOM.java:44)
	at com.training.pom.LoginPOM.clickLoginBtn(LoginPOM.java:44)
	at com.training.pom.LoginPOM.clickLoginBtn(LoginPOM.java:44)
	at com.training.pom.LoginPOM.clickLoginBtn(LoginPOM.java:44)
	at com.training.pom.LoginPOM.clickLoginBtn(LoginPOM.java:44)
	at com.training.pom.LoginPOM.clickLoginBtn(LoginPOM.java:44)
	at com.training.pom.LoginPOM.clickLoginBtn(LoginPOM.java:44)
	at com.training.pom.LoginPOM.clickLoginBtn(LoginPOM.java:44)
	at com.training.pom.LoginPOM.clickLoginBtn(LoginPOM.java:44)
	at com.training.pom.LoginPOM.clickLoginBtn(LoginPOM.java:44)
	at com.training.pom.LoginPOM.clickLoginBtn(LoginPOM.java:44)
	at com.training.pom.LoginPOM.clickLoginBtn(LoginPOM.java:44)
	at com.training.pom.LoginPOM.clickLoginBtn(LoginPOM.java:44)
	at com.training.pom.LoginPOM.clickLoginBtn(LoginPOM.java:44)
	at com.training.pom.LoginPOM.clickLoginBtn(LoginPOM.java:44)
	at com.training.pom.LoginPOM.clickLoginBtn(LoginPOM.java:44)
	at com.training.pom.LoginPOM.clickLoginBtn(LoginPOM.java:44)
	at com.training.pom.LoginPOM.clickLoginBtn(LoginPOM.java:44)
	at com.training.pom.LoginPOM.clickLoginBtn(LoginPOM.java:44)
	at com.training.pom.LoginPOM.clickLoginBtn(LoginPOM.java:44)
	at com.training.pom.LoginPOM.clickLoginBtn(LoginPOM.java:44)
	at com.training.pom.LoginPOM.clickLoginBtn(LoginPOM.java:44)
	at com.training.pom.LoginPOM.clickLoginBtn(LoginPOM.java:44)
	at com.training.pom.LoginPOM.clickLoginBtn(LoginPOM.java:44)
	at com.training.pom.LoginPOM.clickLoginBtn(LoginPOM.java:44)
	at com.training.pom.LoginPOM.clickLoginBtn(LoginPOM.java:44)
	at com.training.pom.LoginPOM.clickLoginBtn(LoginPOM.java:44)
	at com.training.pom.LoginPOM.clickLoginBtn(LoginPOM.java:44)
	at com.training.pom.LoginPOM.clickLoginBtn(LoginPOM.java:44)
	at com.training.pom.LoginPOM.clickLoginBtn(LoginPOM.java:44)
	at com.training.pom.LoginPOM.clickLoginBtn(LoginPOM.java:44)
	at com.training.pom.LoginPOM.clickLoginBtn(LoginPOM.java:44)
	at com.training.pom.LoginPOM.clickLoginBtn(LoginPOM.java:44)
	at com.training.pom.LoginPOM.clickLoginBtn(LoginPOM.java:44)
	at com.training.pom.LoginPOM.clickLoginBtn(LoginPOM.java:44)
	at com.training.pom.LoginPOM.clickLoginBtn(LoginPOM.java:44)
	at com.training.pom.LoginPOM.clickLoginBtn(LoginPOM.java:44)
	at com.training.pom.LoginPOM.clickLoginBtn(LoginPOM.java:44)
	at com.training.pom.LoginPOM.clickLoginBtn(LoginPOM.java:44)
	at com.training.pom.LoginPOM.clickLoginBtn(LoginPOM.java:44)
	at com.training.pom.LoginPOM.clickLoginBtn(LoginPOM.java:44)
	at com.training.pom.LoginPOM.clickLoginBtn(LoginPOM.java:44)
	at com.training.pom.LoginPOM.clickLoginBtn(LoginPOM.java:44)
	at com.training.pom.LoginPOM.clickLoginBtn(LoginPOM.java:44)
	at com.training.pom.LoginPOM.clickLoginBtn(LoginPOM.java:44)
	at com.training.pom.LoginPOM.clickLoginBtn(LoginPOM.java:44)
	at com.training.pom.LoginPOM.clickLoginBtn(LoginPOM.java:44)
	at com.training.pom.LoginPOM.clickLoginBtn(LoginPOM.java:44)
	at com.training.pom.LoginPOM.clickLoginBtn(LoginPOM.java:44)
	at com.training.pom.LoginPOM.clickLoginBtn(LoginPOM.java:44)
	at com.training.pom.LoginPOM.clickLoginBtn(LoginPOM.java:44)
	at com.training.pom.LoginPOM.clickLoginBtn(LoginPOM.java:44)
	at com.training.pom.LoginPOM.clickLoginBtn(LoginPOM.java:44)
	at com.training.pom.LoginPOM.clickLoginBtn(LoginPOM.java:44)
	at com.training.pom.LoginPOM.clickLoginBtn(LoginPOM.java:44)
	at com.training.pom.LoginPOM.clickLoginBtn(LoginPOM.java:44)
	at com.training.pom.LoginPOM.clickLoginBtn(LoginPOM.java:44)
	at com.training.pom.LoginPOM.clickLoginBtn(LoginPOM.java:44)
	at com.training.pom.LoginPOM.clickLoginBtn(LoginPOM.java:44)
	at com.training.pom.LoginPOM.clickLoginBtn(LoginPOM.java:44)
	at com.training.pom.LoginPOM.clickLoginBtn(LoginPOM.java:44)
	at com.training.pom.LoginPOM.clickLoginBtn(LoginPOM.java:44)
	at com.training.pom.LoginPOM.clickLoginBtn(LoginPOM.java:44)
	at com.training.pom.LoginPOM.clickLoginBtn(LoginPOM.java:44)
	at com.training.pom.LoginPOM.clickLoginBtn(LoginPOM.java:44)
	at com.training.pom.LoginPOM.clickLoginBtn(LoginPOM.java:44)
	at com.training.pom.LoginPOM.clickLoginBtn(LoginPOM.java:44)
	at com.training.pom.LoginPOM.clickLoginBtn(LoginPOM.java:44)
	at com.training.pom.LoginPOM.clickLoginBtn(LoginPOM.java:44)
	at com.training.pom.LoginPOM.clickLoginBtn(LoginPOM.java:44)
	at com.training.pom.LoginPOM.clickLoginBtn(LoginPOM.java:44)
	at com.training.pom.LoginPOM.clickLoginBtn(LoginPOM.java:44)
	at com.training.pom.LoginPOM.clickLoginBtn(LoginPOM.java:44)
	at com.training.pom.LoginPOM.clickLoginBtn(LoginPOM.java:44)
	at com.training.pom.LoginPOM.clickLoginBtn(LoginPOM.java:44)
	at com.training.pom.LoginPOM.clickLoginBtn(LoginPOM.java:44)
	at com.training.pom.LoginPOM.clickLoginBtn(LoginPOM.java:44)
	at com.training.pom.LoginPOM.clickLoginBtn(LoginPOM.java:44)
	at com.training.pom.LoginPOM.clickLoginBtn(LoginPOM.java:44)
	at com.training.pom.LoginPOM.clickLoginBtn(LoginPOM.java:44)
	at com.training.pom.LoginPOM.clickLoginBtn(LoginPOM.java:44)
	at com.training.pom.LoginPOM.clickLoginBtn(LoginPOM.java:44)
	at com.training.pom.LoginPOM.clickLoginBtn(LoginPOM.java:44)
	at com.training.pom.LoginPOM.clickLoginBtn(LoginPOM.java:44)
	at com.training.pom.LoginPOM.clickLoginBtn(LoginPOM.java:44)
	at com.training.pom.LoginPOM.clickLoginBtn(LoginPOM.java:44)
	at com.training.pom.LoginPOM.clickLoginBtn(LoginPOM.java:44)
	at com.training.pom.LoginPOM.clickLoginBtn(LoginPOM.java:44)
	at com.training.pom.LoginPOM.clickLoginBtn(LoginPOM.java:44)
	at com.training.pom.LoginPOM.clickLoginBtn(LoginPOM.java:44)
	at com.training.pom.LoginPOM.clickLoginBtn(LoginPOM.java:44)
	at com.training.pom.LoginPOM.clickLoginBtn(LoginPOM.java:44)
	at com.training.pom.LoginPOM.clickLoginBtn(LoginPOM.java:44)
	at com.training.pom.LoginPOM.clickLoginBtn(LoginPOM.java:44)
	at com.training.pom.LoginPOM.clickLoginBtn(LoginPOM.java:44)
	at com.training.pom.LoginPOM.clickLoginBtn(LoginPOM.java:44)
	at com.training.pom.LoginPOM.clickLoginBtn(LoginPOM.java:44)
	at com.training.pom.LoginPOM.clickLoginBtn(LoginPOM.java:44)
	at com.training.pom.LoginPOM.clickLoginBtn(LoginPOM.java:44)
	at com.training.pom.LoginPOM.clickLoginBtn(LoginPOM.java:44)
	at com.training.pom.LoginPOM.clickLoginBtn(LoginPOM.java:44)
	at com.training.pom.LoginPOM.clickLoginBtn(LoginPOM.java:44)
	at com.training.pom.LoginPOM.clickLoginBtn(LoginPOM.java:44)
	at com.training.pom.LoginPOM.clickLoginBtn(LoginPOM.java:44)
	at com.training.pom.LoginPOM.clickLoginBtn(LoginPOM.java:44)
	at com.training.pom.LoginPOM.clickLoginBtn(LoginPOM.java:44)
	at com.training.pom.LoginPOM.clickLoginBtn(LoginPOM.java:44)
	at com.training.pom.LoginPOM.clickLoginBtn(LoginPOM.java:44)
	at com.training.pom.LoginPOM.clickLoginBtn(LoginPOM.java:44)
	at com.training.pom.LoginPOM.clickLoginBtn(LoginPOM.java:44)
	at com.training.pom.LoginPOM.clickLoginBtn(LoginPOM.java:44)
	at com.training.pom.LoginPOM.clickLoginBtn(LoginPOM.java:44)
	at com.training.pom.LoginPOM.clickLoginBtn(LoginPOM.java:44)
	at com.training.pom.LoginPOM.clickLoginBtn(LoginPOM.java:44)
	at com.training.pom.LoginPOM.clickLoginBtn(LoginPOM.java:44)
	at com.training.pom.LoginPOM.clickLoginBtn(LoginPOM.java:44)
	at com.training.pom.LoginPOM.clickLoginBtn(LoginPOM.java:44)
	at com.training.pom.LoginPOM.clickLoginBtn(LoginPOM.java:44)
	at com.training.pom.LoginPOM.clickLoginBtn(LoginPOM.java:44)
	at com.training.pom.LoginPOM.clickLoginBtn(LoginPOM.java:44)
	at com.training.pom.LoginPOM.clickLoginBtn(LoginPOM.java:44)
	at com.training.pom.LoginPOM.clickLoginBtn(LoginPOM.java:44)
	at com.training.pom.LoginPOM.clickLoginBtn(LoginPOM.java:44)
	at com.training.pom.LoginPOM.clickLoginBtn(LoginPOM.java:44)
	at com.training.pom.LoginPOM.clickLoginBtn(LoginPOM.java:44)
	at com.training.pom.LoginPOM.clickLoginBtn(LoginPOM.java:44)
	at com.training.pom.LoginPOM.clickLoginBtn(LoginPOM.java:44)
	at com.training.pom.LoginPOM.clickLoginBtn(LoginPOM.java:44)
	at com.training.pom.LoginPOM.clickLoginBtn(LoginPOM.java:44)
	at com.training.pom.LoginPOM.clickLoginBtn(LoginPOM.java:44)
	at com.training.pom.LoginPOM.clickLoginBtn(LoginPOM.java:44)
	at com.training.pom.LoginPOM.clickLoginBtn(LoginPOM.java:44)
	at com.training.pom.LoginPOM.clickLoginBtn(LoginPOM.java:44)
	at com.training.pom.LoginPOM.clickLoginBtn(LoginPOM.java:44)
	at com.training.pom.LoginPOM.clickLoginBtn(LoginPOM.java:44)
	at com.training.pom.LoginPOM.clickLoginBtn(LoginPOM.java:44)
	at com.training.pom.LoginPOM.clickLoginBtn(LoginPOM.java:44)
	at com.training.pom.LoginPOM.clickLoginBtn(LoginPOM.java:44)
	at com.training.pom.LoginPOM.clickLoginBtn(LoginPOM.java:44)
	at com.training.pom.LoginPOM.clickLoginBtn(LoginPOM.java:44)
	at com.training.pom.LoginPOM.clickLoginBtn(LoginPOM.java:44)
	at com.training.pom.LoginPOM.clickLoginBtn(LoginPOM.java:44)
	at com.training.pom.LoginPOM.clickLoginBtn(LoginPOM.java:44)
	at com.training.pom.LoginPOM.clickLoginBtn(LoginPOM.java:44)
	at com.training.pom.LoginPOM.clickLoginBtn(LoginPOM.java:44)
	at com.training.pom.LoginPOM.clickLoginBtn(LoginPOM.java:44)
	at com.training.pom.LoginPOM.clickLoginBtn(LoginPOM.java:44)
	at com.training.pom.LoginPOM.clickLoginBtn(LoginPOM.java:44)
	at com.training.pom.LoginPOM.clickLoginBtn(LoginPOM.java:44)
	at com.training.pom.LoginPOM.clickLoginBtn(LoginPOM.java:44)
	at com.training.pom.LoginPOM.clickLoginBtn(LoginPOM.java:44)
	at com.training.pom.LoginPOM.clickLoginBtn(LoginPOM.java:44)
	at com.training.pom.LoginPOM.clickLoginBtn(LoginPOM.java:44)
	at com.training.pom.LoginPOM.clickLoginBtn(LoginPOM.java:44)
	at com.training.pom.LoginPOM.clickLoginBtn(LoginPOM.java:44)
	at com.training.pom.LoginPOM.clickLoginBtn(LoginPOM.java:44)
	at com.training.pom.LoginPOM.clickLoginBtn(LoginPOM.java:44)
	at com.training.pom.LoginPOM.clickLoginBtn(LoginPOM.java:44)
	at com.training.pom.LoginPOM.clickLoginBtn(LoginPOM.java:44)
	at com.training.pom.LoginPOM.clickLoginBtn(LoginPOM.java:44)
	at com.training.pom.LoginPOM.clickLoginBtn(LoginPOM.java:44)
	at com.training.pom.LoginPOM.clickLoginBtn(LoginPOM.java:44)
	at com.training.pom.LoginPOM.clickLoginBtn(LoginPOM.java:44)
	at com.training.pom.LoginPOM.clickLoginBtn(LoginPOM.java:44)
	at com.training.pom.LoginPOM.clickLoginBtn(LoginPOM.java:44)
	at com.training.pom.LoginPOM.clickLoginBtn(LoginPOM.java:44)
	at com.training.pom.LoginPOM.clickLoginBtn(LoginPOM.java:44)
	at com.training.pom.LoginPOM.clickLoginBtn(LoginPOM.java:44)
	at com.training.pom.LoginPOM.clickLoginBtn(LoginPOM.java:44)
	at com.training.pom.LoginPOM.clickLoginBtn(LoginPOM.java:44)
	at com.training.pom.LoginPOM.clickLoginBtn(LoginPOM.java:44)
	at com.training.pom.LoginPOM.clickLoginBtn(LoginPOM.java:44)
	at com.training.pom.LoginPOM.clickLoginBtn(LoginPOM.java:44)
	at com.training.pom.LoginPOM.clickLoginBtn(LoginPOM.java:44)
	at com.training.pom.LoginPOM.clickLoginBtn(LoginPOM.java:44)
	at com.training.pom.LoginPOM.clickLoginBtn(LoginPOM.java:44)
	at com.training.pom.LoginPOM.clickLoginBtn(LoginPOM.java:44)
	at com.training.pom.LoginPOM.clickLoginBtn(LoginPOM.java:44)
	at com.training.pom.LoginPOM.clickLoginBtn(LoginPOM.java:44)
	at com.training.pom.LoginPOM.clickLoginBtn(LoginPOM.java:44)
	at com.training.pom.LoginPOM.clickLoginBtn(LoginPOM.java:44)
	at com.training.pom.LoginPOM.clickLoginBtn(LoginPOM.java:44)
	at com.training.pom.LoginPOM.clickLoginBtn(LoginPOM.java:44)
	at com.training.pom.LoginPOM.clickLoginBtn(LoginPOM.java:44)
	at com.training.pom.LoginPOM.clickLoginBtn(LoginPOM.java:44)
	at com.training.pom.LoginPOM.clickLoginBtn(LoginPOM.java:44)
	at com.training.pom.LoginPOM.clickLoginBtn(LoginPOM.java:44)
	at com.training.pom.LoginPOM.clickLoginBtn(LoginPOM.java:44)
	at com.training.pom.LoginPOM.clickLoginBtn(LoginPOM.java:44)
	at com.training.pom.LoginPOM.clickLoginBtn(LoginPOM.java:44)
	at com.training.pom.LoginPOM.clickLoginBtn(LoginPOM.java:44)
	at com.training.pom.LoginPOM.clickLoginBtn(LoginPOM.java:44)
	at com.training.pom.LoginPOM.clickLoginBtn(LoginPOM.java:44)
	at com.training.pom.LoginPOM.clickLoginBtn(LoginPOM.java:44)
	at com.training.pom.LoginPOM.clickLoginBtn(LoginPOM.java:44)
	at com.training.pom.LoginPOM.clickLoginBtn(LoginPOM.java:44)
	at com.training.pom.LoginPOM.clickLoginBtn(LoginPOM.java:44)
	at com.training.pom.LoginPOM.clickLoginBtn(LoginPOM.java:44)
	at com.training.pom.LoginPOM.clickLoginBtn(LoginPOM.java:44)
	at com.training.pom.LoginPOM.clickLoginBtn(LoginPOM.java:44)
	at com.training.pom.LoginPOM.clickLoginBtn(LoginPOM.java:44)
	at com.training.pom.LoginPOM.clickLoginBtn(LoginPOM.java:44)
	at com.training.pom.LoginPOM.clickLoginBtn(LoginPOM.java:44)
	at com.training.pom.LoginPOM.clickLoginBtn(LoginPOM.java:44)
	at com.training.pom.LoginPOM.clickLoginBtn(LoginPOM.java:44)
	at com.training.pom.LoginPOM.clickLoginBtn(LoginPOM.java:44)
	at com.training.pom.LoginPOM.clickLoginBtn(LoginPOM.java:44)
	at com.training.pom.LoginPOM.clickLoginBtn(LoginPOM.java:44)
	at com.training.pom.LoginPOM.clickLoginBtn(LoginPOM.java:44)
	at com.training.pom.LoginPOM.clickLoginBtn(LoginPOM.java:44)
	at com.training.pom.LoginPOM.clickLoginBtn(LoginPOM.java:44)
	at com.training.pom.LoginPOM.clickLoginBtn(LoginPOM.java:44)
	at com.training.pom.LoginPOM.clickLoginBtn(LoginPOM.java:44)
	at com.training.pom.LoginPOM.clickLoginBtn(LoginPOM.java:44)
	at com.training.pom.LoginPOM.clickLoginBtn(LoginPOM.java:44)
	at com.training.pom.LoginPOM.clickLoginBtn(LoginPOM.java:44)
	at com.training.pom.LoginPOM.clickLoginBtn(LoginPOM.java:44)
	at com.training.pom.LoginPOM.clickLoginBtn(LoginPOM.java:44)
	at com.training.pom.LoginPOM.clickLoginBtn(LoginPOM.java:44)
	at com.training.pom.LoginPOM.clickLoginBtn(LoginPOM.java:44)
	at com.training.pom.LoginPOM.clickLoginBtn(LoginPOM.java:44)
	at com.training.pom.LoginPOM.clickLoginBtn(LoginPOM.java:44)
	at com.training.pom.LoginPOM.clickLoginBtn(LoginPOM.java:44)
	at com.training.pom.LoginPOM.clickLoginBtn(LoginPOM.java:44)
	at com.training.pom.LoginPOM.clickLoginBtn(LoginPOM.java:44)
	at com.training.pom.LoginPOM.clickLoginBtn(LoginPOM.java:44)
	at com.training.pom.LoginPOM.clickLoginBtn(LoginPOM.java:44)
	at com.training.pom.LoginPOM.clickLoginBtn(LoginPOM.java:44)
	at com.training.pom.LoginPOM.clickLoginBtn(LoginPOM.java:44)
	at com.training.pom.LoginPOM.clickLoginBtn(LoginPOM.java:44)
	at com.training.pom.LoginPOM.clickLoginBtn(LoginPOM.java:44)
	at com.training.pom.LoginPOM.clickLoginBtn(LoginPOM.java:44)
	at com.training.pom.LoginPOM.clickLoginBtn(LoginPOM.java:44)
	at com.training.pom.LoginPOM.clickLoginBtn(LoginPOM.java:44)
	at com.training.pom.LoginPOM.clickLoginBtn(LoginPOM.java:44)
	at com.training.pom.LoginPOM.clickLoginBtn(LoginPOM.java:44)
	at com.training.pom.LoginPOM.clickLoginBtn(LoginPOM.java:44)
	at com.training.pom.LoginPOM.clickLoginBtn(LoginPOM.java:44)
	at com.training.pom.LoginPOM.clickLoginBtn(LoginPOM.java:44)
	at com.training.pom.LoginPOM.clickLoginBtn(LoginPOM.java:44)
	at com.training.pom.LoginPOM.clickLoginBtn(LoginPOM.java:44)
	at com.training.pom.LoginPOM.clickLoginBtn(LoginPOM.java:44)
	at com.training.pom.LoginPOM.clickLoginBtn(LoginPOM.java:44)
	at com.training.pom.LoginPOM.clickLoginBtn(LoginPOM.java:44)
	at com.training.pom.LoginPOM.clickLoginBtn(LoginPOM.java:44)
	at com.training.pom.LoginPOM.clickLoginBtn(LoginPOM.java:44)
	at com.training.pom.LoginPOM.clickLoginBtn(LoginPOM.java:44)
	at com.training.pom.LoginPOM.clickLoginBtn(LoginPOM.java:44)
	at com.training.pom.LoginPOM.clickLoginBtn(LoginPOM.java:44)
	at com.training.pom.LoginPOM.clickLoginBtn(LoginPOM.java:44)
	at com.training.pom.LoginPOM.clickLoginBtn(LoginPOM.java:44)
	at com.training.pom.LoginPOM.clickLoginBtn(LoginPOM.java:44)
	at com.training.pom.LoginPOM.clickLoginBtn(LoginPOM.java:44)
	at com.training.pom.LoginPOM.clickLoginBtn(LoginPOM.java:44)
	at com.training.pom.LoginPOM.clickLoginBtn(LoginPOM.java:44)
	at com.training.pom.LoginPOM.clickLoginBtn(LoginPOM.java:44)
	at com.training.pom.LoginPOM.clickLoginBtn(LoginPOM.java:44)
	at com.training.pom.LoginPOM.clickLoginBtn(LoginPOM.java:44)
	at com.training.pom.LoginPOM.clickLoginBtn(LoginPOM.java:44)
	at com.training.pom.LoginPOM.clickLoginBtn(LoginPOM.java:44)
	at com.training.pom.LoginPOM.clickLoginBtn(LoginPOM.java:44)
	at com.training.pom.LoginPOM.clickLoginBtn(LoginPOM.java:44)
	at com.training.pom.LoginPOM.clickLoginBtn(LoginPOM.java:44)
	at com.training.pom.LoginPOM.clickLoginBtn(LoginPOM.java:44)
	at com.training.pom.LoginPOM.clickLoginBtn(LoginPOM.java:44)
	at com.training.pom.LoginPOM.clickLoginBtn(LoginPOM.java:44)
	at com.training.pom.LoginPOM.clickLoginBtn(LoginPOM.java:44)
	at com.training.pom.LoginPOM.clickLoginBtn(LoginPOM.java:44)
	at com.training.pom.LoginPOM.clickLoginBtn(LoginPOM.java:44)
	at com.training.pom.LoginPOM.clickLoginBtn(LoginPOM.java:44)
	at com.training.pom.LoginPOM.clickLoginBtn(LoginPOM.java:44)
	at com.training.pom.LoginPOM.clickLoginBtn(LoginPOM.java:44)
	at com.training.pom.LoginPOM.clickLoginBtn(LoginPOM.java:44)
	at com.training.pom.LoginPOM.clickLoginBtn(LoginPOM.java:44)
	at com.training.pom.LoginPOM.clickLoginBtn(LoginPOM.java:44)
	at com.training.pom.LoginPOM.clickLoginBtn(LoginPOM.java:44)
	at com.training.pom.LoginPOM.clickLoginBtn(LoginPOM.java:44)
	at com.training.pom.LoginPOM.clickLoginBtn(LoginPOM.java:44)
	at com.training.pom.LoginPOM.clickLoginBtn(LoginPOM.java:44)
	at com.training.pom.LoginPOM.clickLoginBtn(LoginPOM.java:44)
	at com.training.pom.LoginPOM.clickLoginBtn(LoginPOM.java:44)
	at com.training.pom.LoginPOM.clickLoginBtn(LoginPOM.java:44)
	at com.training.pom.LoginPOM.clickLoginBtn(LoginPOM.java:44)
	at com.training.pom.LoginPOM.clickLoginBtn(LoginPOM.java:44)
	at com.training.pom.LoginPOM.clickLoginBtn(LoginPOM.java:44)
	at com.training.pom.LoginPOM.clickLoginBtn(LoginPOM.java:44)
	at com.training.pom.LoginPOM.clickLoginBtn(LoginPOM.java:44)
	at com.training.pom.LoginPOM.clickLoginBtn(LoginPOM.java:44)
	at com.training.pom.LoginPOM.clickLoginBtn(LoginPOM.java:44)
	at com.training.pom.LoginPOM.clickLoginBtn(LoginPOM.java:44)
	at com.training.pom.LoginPOM.clickLoginBtn(LoginPOM.java:44)
	at com.training.pom.LoginPOM.clickLoginBtn(LoginPOM.java:44)
	at com.training.pom.LoginPOM.clickLoginBtn(LoginPOM.java:44)
	at com.training.pom.LoginPOM.clickLoginBtn(LoginPOM.java:44)
	at com.training.pom.LoginPOM.clickLoginBtn(LoginPOM.java:44)
	at com.training.pom.LoginPOM.clickLoginBtn(LoginPOM.java:44)
	at com.training.pom.LoginPOM.clickLoginBtn(LoginPOM.java:44)
	at com.training.pom.LoginPOM.clickLoginBtn(LoginPOM.java:44)
	at com.training.pom.LoginPOM.clickLoginBtn(LoginPOM.java:44)
	at com.training.pom.LoginPOM.clickLoginBtn(LoginPOM.java:44)
	at com.training.pom.LoginPOM.clickLoginBtn(LoginPOM.java:44)
	at com.training.pom.LoginPOM.clickLoginBtn(LoginPOM.java:44)
	at com.training.pom.LoginPOM.clickLoginBtn(LoginPOM.java:44)
	at com.training.pom.LoginPOM.clickLoginBtn(LoginPOM.java:44)
	at com.training.pom.LoginPOM.clickLoginBtn(LoginPOM.java:44)
	at com.training.pom.LoginPOM.clickLoginBtn(LoginPOM.java:44)
	at com.training.pom.LoginPOM.clickLoginBtn(LoginPOM.java:44)
	at com.training.pom.LoginPOM.clickLoginBtn(LoginPOM.java:44)
	at com.training.pom.LoginPOM.clickLoginBtn(LoginPOM.java:44)
	at com.training.pom.LoginPOM.clickLoginBtn(LoginPOM.java:44)
	at com.training.pom.LoginPOM.clickLoginBtn(LoginPOM.java:44)
	at com.training.pom.LoginPOM.clickLoginBtn(LoginPOM.java:44)
	at com.training.pom.LoginPOM.clickLoginBtn(LoginPOM.java:44)
	at com.training.pom.LoginPOM.clickLoginBtn(LoginPOM.java:44)
	at com.training.pom.LoginPOM.clickLoginBtn(LoginPOM.java:44)
	at com.training.pom.LoginPOM.clickLoginBtn(LoginPOM.java:44)
	at com.training.pom.LoginPOM.clickLoginBtn(LoginPOM.java:44)
	at com.training.pom.LoginPOM.clickLoginBtn(LoginPOM.java:44)
	at com.training.pom.LoginPOM.clickLoginBtn(LoginPOM.java:44)
	at com.training.pom.LoginPOM.clickLoginBtn(LoginPOM.java:44)
	at com.training.pom.LoginPOM.clickLoginBtn(LoginPOM.java:44)
	at com.training.pom.LoginPOM.clickLoginBtn(LoginPOM.java:44)
	at com.training.pom.LoginPOM.clickLoginBtn(LoginPOM.java:44)
	at com.training.pom.LoginPOM.clickLoginBtn(LoginPOM.java:44)
	at com.training.pom.LoginPOM.clickLoginBtn(LoginPOM.java:44)
	at com.training.pom.LoginPOM.clickLoginBtn(LoginPOM.java:44)
	at com.training.pom.LoginPOM.clickLoginBtn(LoginPOM.java:44)
	at com.training.pom.LoginPOM.clickLoginBtn(LoginPOM.java:44)
	at com.training.pom.LoginPOM.clickLoginBtn(LoginPOM.java:44)
	at com.training.pom.LoginPOM.clickLoginBtn(LoginPOM.java:44)
	at com.training.pom.LoginPOM.clickLoginBtn(LoginPOM.java:44)
	at com.training.pom.LoginPOM.clickLoginBtn(LoginPOM.java:44)
	at com.training.pom.LoginPOM.clickLoginBtn(LoginPOM.java:44)
	at com.training.pom.LoginPOM.clickLoginBtn(LoginPOM.java:44)
	at com.training.pom.LoginPOM.clickLoginBtn(LoginPOM.java:44)
	at com.training.pom.LoginPOM.clickLoginBtn(LoginPOM.java:44)
	at com.training.pom.LoginPOM.clickLoginBtn(LoginPOM.java:44)
	at com.training.pom.LoginPOM.clickLoginBtn(LoginPOM.java:44)
	at com.training.pom.LoginPOM.clickLoginBtn(LoginPOM.java:44)
	at com.training.pom.LoginPOM.clickLoginBtn(LoginPOM.java:44)
	at com.training.pom.LoginPOM.clickLoginBtn(LoginPOM.java:44)
	at com.training.pom.LoginPOM.clickLoginBtn(LoginPOM.java:44)
	at com.training.pom.LoginPOM.clickLoginBtn(LoginPOM.java:44)
	at com.training.pom.LoginPOM.clickLoginBtn(LoginPOM.java:44)
	at com.training.pom.LoginPOM.clickLoginBtn(LoginPOM.java:44)
	at com.training.pom.LoginPOM.clickLoginBtn(LoginPOM.java:44)
	at com.training.pom.LoginPOM.clickLoginBtn(LoginPOM.java:44)
	at com.training.pom.LoginPOM.clickLoginBtn(LoginPOM.java:44)
	at com.training.pom.LoginPOM.clickLoginBtn(LoginPOM.java:44)
	at com.training.pom.LoginPOM.clickLoginBtn(LoginPOM.java:44)
	at com.training.pom.LoginPOM.clickLoginBtn(LoginPOM.java:44)
	at com.training.pom.LoginPOM.clickLoginBtn(LoginPOM.java:44)
	at com.training.pom.LoginPOM.clickLoginBtn(LoginPOM.java:44)
	at com.training.pom.LoginPOM.clickLoginBtn(LoginPOM.java:44)
	at com.training.pom.LoginPOM.clickLoginBtn(LoginPOM.java:44)
	at com.training.pom.LoginPOM.clickLoginBtn(LoginPOM.java:44)
	at com.training.pom.LoginPOM.clickLoginBtn(LoginPOM.java:44)
	at com.training.pom.LoginPOM.clickLoginBtn(LoginPOM.java:44)
	at com.training.pom.LoginPOM.clickLoginBtn(LoginPOM.java:44)
	at com.training.pom.LoginPOM.clickLoginBtn(LoginPOM.java:44)
	at com.training.pom.LoginPOM.clickLoginBtn(LoginPOM.java:44)
	at com.training.pom.LoginPOM.clickLoginBtn(LoginPOM.java:44)
	at com.training.pom.LoginPOM.clickLoginBtn(LoginPOM.java:44)
	at com.training.pom.LoginPOM.clickLoginBtn(LoginPOM.java:44)
	at com.training.pom.LoginPOM.clickLoginBtn(LoginPOM.java:44)
	at com.training.pom.LoginPOM.clickLoginBtn(LoginPOM.java:44)
	at com.training.pom.LoginPOM.clickLoginBtn(LoginPOM.java:44)
	at com.training.pom.LoginPOM.clickLoginBtn(LoginPOM.java:44)
	at com.training.pom.LoginPOM.clickLoginBtn(LoginPOM.java:44)
	at com.training.pom.LoginPOM.clickLoginBtn(LoginPOM.java:44)
	at com.training.pom.LoginPOM.clickLoginBtn(LoginPOM.java:44)
	at com.training.pom.LoginPOM.clickLoginBtn(LoginPOM.java:44)
	at com.training.pom.LoginPOM.clickLoginBtn(LoginPOM.java:44)
	at com.training.pom.LoginPOM.clickLoginBtn(LoginPOM.java:44)
	at com.training.pom.LoginPOM.clickLoginBtn(LoginPOM.java:44)
	at com.training.pom.LoginPOM.clickLoginBtn(LoginPOM.java:44)
	at com.training.pom.LoginPOM.clickLoginBtn(LoginPOM.java:44)
	at com.training.pom.LoginPOM.clickLoginBtn(LoginPOM.java:44)
	at com.training.pom.LoginPOM.clickLoginBtn(LoginPOM.java:44)
	at com.training.pom.LoginPOM.clickLoginBtn(LoginPOM.java:44)
	at com.training.pom.LoginPOM.clickLoginBtn(LoginPOM.java:44)
	at com.training.pom.LoginPOM.clickLoginBtn(LoginPOM.java:44)
	at com.training.pom.LoginPOM.clickLoginBtn(LoginPOM.java:44)
	at com.training.pom.LoginPOM.clickLoginBtn(LoginPOM.java:44)
	at com.training.pom.LoginPOM.clickLoginBtn(LoginPOM.java:44)
	at com.training.pom.LoginPOM.clickLoginBtn(LoginPOM.java:44)
	at com.training.pom.LoginPOM.clickLoginBtn(LoginPOM.java:44)
	at com.training.pom.LoginPOM.clickLoginBtn(LoginPOM.java:44)
	at com.training.pom.LoginPOM.clickLoginBtn(LoginPOM.java:44)
	at com.training.pom.LoginPOM.clickLoginBtn(LoginPOM.java:44)
	at com.training.pom.LoginPOM.clickLoginBtn(LoginPOM.java:44)
	at com.training.pom.LoginPOM.clickLoginBtn(LoginPOM.java:44)
	at com.training.pom.LoginPOM.clickLoginBtn(LoginPOM.java:44)
	at com.training.pom.LoginPOM.clickLoginBtn(LoginPOM.java:44)
	at com.training.pom.LoginPOM.clickLoginBtn(LoginPOM.java:44)
	at com.training.pom.LoginPOM.clickLoginBtn(LoginPOM.java:44)
	at com.training.pom.LoginPOM.clickLoginBtn(LoginPOM.java:44)
	at com.training.pom.LoginPOM.clickLoginBtn(LoginPOM.java:44)
	at com.training.pom.LoginPOM.clickLoginBtn(LoginPOM.java:44)
	at com.training.pom.LoginPOM.clickLoginBtn(LoginPOM.java:44)
	at com.training.pom.LoginPOM.clickLoginBtn(LoginPOM.java:44)
	at com.training.pom.LoginPOM.clickLoginBtn(LoginPOM.java:44)
	at com.training.pom.LoginPOM.clickLoginBtn(LoginPOM.java:44)
	at com.training.pom.LoginPOM.clickLoginBtn(LoginPOM.java:44)
	at com.training.pom.LoginPOM.clickLoginBtn(LoginPOM.java:44)
	at com.training.pom.LoginPOM.clickLoginBtn(LoginPOM.java:44)
	at com.training.pom.LoginPOM.clickLoginBtn(LoginPOM.java:44)
	at com.training.pom.LoginPOM.clickLoginBtn(LoginPOM.java:44)
	at com.training.pom.LoginPOM.clickLoginBtn(LoginPOM.java:44)
	at com.training.pom.LoginPOM.clickLoginBtn(LoginPOM.java:44)
	at com.training.pom.LoginPOM.clickLoginBtn(LoginPOM.java:44)
	at com.training.pom.LoginPOM.clickLoginBtn(LoginPOM.java:44)
	at com.training.pom.LoginPOM.clickLoginBtn(LoginPOM.java:44)
	at com.training.pom.LoginPOM.clickLoginBtn(LoginPOM.java:44)
	at com.training.pom.LoginPOM.clickLoginBtn(LoginPOM.java:44)
	at com.training.pom.LoginPOM.clickLoginBtn(LoginPOM.java:44)
	at com.training.pom.LoginPOM.clickLoginBtn(LoginPOM.java:44)
	at com.training.pom.LoginPOM.clickLoginBtn(LoginPOM.java:44)
	at com.training.pom.LoginPOM.clickLoginBtn(LoginPOM.java:44)
	at com.training.pom.LoginPOM.clickLoginBtn(LoginPOM.java:44)
	at com.training.pom.LoginPOM.clickLoginBtn(LoginPOM.java:44)
	at com.training.pom.LoginPOM.clickLoginBtn(LoginPOM.java:44)
	at com.training.pom.LoginPOM.clickLoginBtn(LoginPOM.java:44)
	at com.training.pom.LoginPOM.clickLoginBtn(LoginPOM.java:44)
	at com.training.pom.LoginPOM.clickLoginBtn(LoginPOM.java:44)
	at com.training.pom.LoginPOM.clickLoginBtn(LoginPOM.java:44)
	at com.training.pom.LoginPOM.clickLoginBtn(LoginPOM.java:44)
	at com.training.pom.LoginPOM.clickLoginBtn(LoginPOM.java:44)
	at com.training.pom.LoginPOM.clickLoginBtn(LoginPOM.java:44)
	at com.training.pom.LoginPOM.clickLoginBtn(LoginPOM.java:44)
	at com.training.pom.LoginPOM.clickLoginBtn(LoginPOM.java:44)
	at com.training.pom.LoginPOM.clickLoginBtn(LoginPOM.java:44)
	at com.training.pom.LoginPOM.clickLoginBtn(LoginPOM.java:44)
	at com.training.pom.LoginPOM.clickLoginBtn(LoginPOM.java:44)
	at com.training.pom.LoginPOM.clickLoginBtn(LoginPOM.java:44)
	at com.training.pom.LoginPOM.clickLoginBtn(LoginPOM.java:44)
	at com.training.pom.LoginPOM.clickLoginBtn(LoginPOM.java:44)
	at com.training.pom.LoginPOM.clickLoginBtn(LoginPOM.java:44)
	at com.training.pom.LoginPOM.clickLoginBtn(LoginPOM.java:44)
	at com.training.pom.LoginPOM.clickLoginBtn(LoginPOM.java:44)
	at com.training.pom.LoginPOM.clickLoginBtn(LoginPOM.java:44)
	at com.training.pom.LoginPOM.clickLoginBtn(LoginPOM.java:44)
	at com.training.pom.LoginPOM.clickLoginBtn(LoginPOM.java:44)
	at com.training.pom.LoginPOM.clickLoginBtn(LoginPOM.java:44)
	at com.training.pom.LoginPOM.clickLoginBtn(LoginPOM.java:44)
	at com.training.pom.LoginPOM.clickLoginBtn(LoginPOM.java:44)
	at com.training.pom.LoginPOM.clickLoginBtn(LoginPOM.java:44)
	at com.training.pom.LoginPOM.clickLoginBtn(LoginPOM.java:44)
	at com.training.pom.LoginPOM.clickLoginBtn(LoginPOM.java:44)
	at com.training.pom.LoginPOM.clickLoginBtn(LoginPOM.java:44)
	at com.training.pom.LoginPOM.clickLoginBtn(LoginPOM.java:44)
	at com.training.pom.LoginPOM.clickLoginBtn(LoginPOM.java:44)
	at com.training.pom.LoginPOM.clickLoginBtn(LoginPOM.java:44)
	at com.training.pom.LoginPOM.clickLoginBtn(LoginPOM.java:44)
	at com.training.pom.LoginPOM.clickLoginBtn(LoginPOM.java:44)
	at com.training.pom.LoginPOM.clickLoginBtn(LoginPOM.java:44)
	at com.training.pom.LoginPOM.clickLoginBtn(LoginPOM.java:44)
	at com.training.pom.LoginPOM.clickLoginBtn(LoginPOM.java:44)
	at com.training.pom.LoginPOM.clickLoginBtn(LoginPOM.java:44)
	at com.training.pom.LoginPOM.clickLoginBtn(LoginPOM.java:44)
	at com.training.pom.LoginPOM.clickLoginBtn(LoginPOM.java:44)
	at com.training.pom.LoginPOM.clickLoginBtn(LoginPOM.java:44)
	at com.training.pom.LoginPOM.clickLoginBtn(LoginPOM.java:44)
	at com.training.pom.LoginPOM.clickLoginBtn(LoginPOM.java:44)
	at com.training.pom.LoginPOM.clickLoginBtn(LoginPOM.java:44)
	at com.training.pom.LoginPOM.clickLoginBtn(LoginPOM.java:44)
	at com.training.pom.LoginPOM.clickLoginBtn(LoginPOM.java:44)
	at com.training.pom.LoginPOM.clickLoginBtn(LoginPOM.java:44)
	at com.training.pom.LoginPOM.clickLoginBtn(LoginPOM.java:44)
	at com.training.pom.LoginPOM.clickLoginBtn(LoginPOM.java:44)
	at com.training.pom.LoginPOM.clickLoginBtn(LoginPOM.java:44)
	at com.training.pom.LoginPOM.clickLoginBtn(LoginPOM.java:44)
	at com.training.pom.LoginPOM.clickLoginBtn(LoginPOM.java:44)
	at com.training.pom.LoginPOM.clickLoginBtn(LoginPOM.java:44)
	at com.training.pom.LoginPOM.clickLoginBtn(LoginPOM.java:44)
	at com.training.pom.LoginPOM.clickLoginBtn(LoginPOM.java:44)
	at com.training.pom.LoginPOM.clickLoginBtn(LoginPOM.java:44)
	at com.training.pom.LoginPOM.clickLoginBtn(LoginPOM.java:44)
	at com.training.pom.LoginPOM.clickLoginBtn(LoginPOM.java:44)
	at com.training.pom.LoginPOM.clickLoginBtn(LoginPOM.java:44)
	at com.training.pom.LoginPOM.clickLoginBtn(LoginPOM.java:44)
	at com.training.pom.LoginPOM.clickLoginBtn(LoginPOM.java:44)
	at com.training.pom.LoginPOM.clickLoginBtn(LoginPOM.java:44)
	at com.training.pom.LoginPOM.clickLoginBtn(LoginPOM.java:44)
	at com.training.pom.LoginPOM.clickLoginBtn(LoginPOM.java:44)
	at com.training.pom.LoginPOM.clickLoginBtn(LoginPOM.java:44)
	at com.training.pom.LoginPOM.clickLoginBtn(LoginPOM.java:44)
	at com.training.pom.LoginPOM.clickLoginBtn(LoginPOM.java:44)
	at com.training.pom.LoginPOM.clickLoginBtn(LoginPOM.java:44)
	at com.training.pom.LoginPOM.clickLoginBtn(LoginPOM.java:44)
	at com.training.pom.LoginPOM.clickLoginBtn(LoginPOM.java:44)
	at com.training.pom.LoginPOM.clickLoginBtn(LoginPOM.java:44)
	at com.training.pom.LoginPOM.clickLoginBtn(LoginPOM.java:44)
	at com.training.pom.LoginPOM.clickLoginBtn(LoginPOM.java:44)
	at com.training.pom.LoginPOM.clickLoginBtn(LoginPOM.java:44)
	at com.training.pom.LoginPOM.clickLoginBtn(LoginPOM.java:44)
	at com.training.pom.LoginPOM.clickLoginBtn(LoginPOM.java:44)
	at com.training.pom.LoginPOM.clickLoginBtn(LoginPOM.java:44)
	at com.training.pom.LoginPOM.clickLoginBtn(LoginPOM.java:44)
	at com.training.pom.LoginPOM.clickLoginBtn(LoginPOM.java:44)
	at com.training.pom.LoginPOM.clickLoginBtn(LoginPOM.java:44)
	at com.training.pom.LoginPOM.clickLoginBtn(LoginPOM.java:44)
	at com.training.pom.LoginPOM.clickLoginBtn(LoginPOM.java:44)
	at com.training.pom.LoginPOM.clickLoginBtn(LoginPOM.java:44)
	at com.training.pom.LoginPOM.clickLoginBtn(LoginPOM.java:44)
	at com.training.pom.LoginPOM.clickLoginBtn(LoginPOM.java:44)
	at com.training.pom.LoginPOM.clickLoginBtn(LoginPOM.java:44)
	at com.training.pom.LoginPOM.clickLoginBtn(LoginPOM.java:44)
	at com.training.pom.LoginPOM.clickLoginBtn(LoginPOM.java:44)
	at com.training.pom.LoginPOM.clickLoginBtn(LoginPOM.java:44)
	at com.training.pom.LoginPOM.clickLoginBtn(LoginPOM.java:44)
	at com.training.pom.LoginPOM.clickLoginBtn(LoginPOM.java:44)
	at com.training.pom.LoginPOM.clickLoginBtn(LoginPOM.java:44)
	at com.training.pom.LoginPOM.clickLoginBtn(LoginPOM.java:44)
	at com.training.pom.LoginPOM.clickLoginBtn(LoginPOM.java:44)
	at com.training.pom.LoginPOM.clickLoginBtn(LoginPOM.java:44)
	at com.training.pom.LoginPOM.clickLoginBtn(LoginPOM.java:44)
	at com.training.pom.LoginPOM.clickLoginBtn(LoginPOM.java:44)
	at com.training.pom.LoginPOM.clickLoginBtn(LoginPOM.java:44)
	at com.training.pom.LoginPOM.clickLoginBtn(LoginPOM.java:44)
	at com.training.pom.LoginPOM.clickLoginBtn(LoginPOM.java:44)
	at com.training.pom.LoginPOM.clickLoginBtn(LoginPOM.java:44)
	at com.training.pom.LoginPOM.clickLoginBtn(LoginPOM.java:44)
	at com.training.pom.LoginPOM.clickLoginBtn(LoginPOM.java:44)
	at com.training.pom.LoginPOM.clickLoginBtn(LoginPOM.java:44)
	at com.training.pom.LoginPOM.clickLoginBtn(LoginPOM.java:44)
]]>
    </failure>
  </testcase> <!-- validLoginTest -->
</testsuite> <!-- Sample test -->
