<?xml version="1.0" encoding="UTF-8"?>
<!-- Generated by org.testng.reporters.JUnitXMLReporter -->
<testsuite hostname="DESKTOP-4PF73VM" ignored="2" name="Default test" tests="3" failures="0" timestamp="15 May 2020 00:01:15 GMT" time="27.781" errors="0">
  <testcase name="validReturnSuccess" time="6.177" classname="com.training.sanity.tests.LoginTests"/>
  <testcase name="loginDenial" time="2.192" classname="com.training.sanity.tests.LoginTests"/>
  <testcase name="adminAllowsAddCategory" time="5.671" classname="com.training.sanity.tests.LoginTests"/>
  <testcase name="adminDeleteMultipleCategory" time="0.0" classname="com.training.sanity.tests.LoginTests">
    <ignored/>
  </testcase> <!-- adminDeleteMultipleCategory -->
  <testcase name="adminEditMetaTag" time="0.0" classname="com.training.sanity.tests.LoginTests">
    <ignored/>
  </testcase> <!-- adminEditMetaTag -->
</testsuite> <!-- Default test -->
