<?xml version="1.0" encoding="UTF-8"?>
<!-- Generated by org.testng.reporters.JUnitXMLReporter -->
<testsuite hostname="DESKTOP-4PF73VM" ignored="3" name="Default test" tests="4" failures="0" timestamp="22 May 2020 02:46:33 GMT" time="41.275" errors="0">
  <testcase name="loginDBTest" time="7.234" classname="com.training.regression.tests.LoginExcelTest"/>
  <testcase name="loginDBTest" time="5.126" classname="com.training.regression.tests.LoginExcelTest"/>
  <testcase name="loginDBTest" time="4.708" classname="com.training.regression.tests.LoginExcelTest"/>
  <testcase name="loginDBTest" time="5.605" classname="com.training.regression.tests.LoginExcelTest"/>
  <testcase name="VerifyAddProduct" time="0.0" classname="com.training.regression.tests.LoginExcelTest">
    <ignored/>
  </testcase> <!-- VerifyAddProduct -->
  <testcase name="VerifyMultiplecategory" time="0.0" classname="com.training.regression.tests.LoginExcelTest">
    <ignored/>
  </testcase> <!-- VerifyMultiplecategory -->
  <testcase name="VerifyCategoryinDB" time="0.0" classname="com.training.regression.tests.LoginExcelTest">
    <ignored/>
  </testcase> <!-- VerifyCategoryinDB -->
</testsuite> <!-- Default test -->
