<?xml version="1.0" encoding="UTF-8"?>
<testng-results skipped="0" failed="0" ignored="0" total="3" passed="3">
  <reporter-output>
  </reporter-output>
  <suite name="Default suite" duration-ms="43391" started-at="2020-05-08T00:06:23Z" finished-at="2020-05-08T00:07:06Z">
    <groups>
    </groups>
    <test name="Default test" duration-ms="43391" started-at="2020-05-08T00:06:23Z" finished-at="2020-05-08T00:07:06Z">
      <class name="com.training.sanity.tests.LoginTests">
        <test-method status="PASS" signature="setUpBeforeClass()[pri:0, instance:com.training.sanity.tests.LoginTests@1593948d]" name="setUpBeforeClass" is-config="true" duration-ms="20404" started-at="2020-05-07T19:06:23Z" finished-at="2020-05-07T19:06:43Z">
          <reporter-output>
          </reporter-output>
        </test-method> <!-- setUpBeforeClass -->
        <test-method status="PASS" signature="validOrderDetails()[pri:0, instance:com.training.sanity.tests.LoginTests@1593948d]" name="validOrderDetails" duration-ms="9126" started-at="2020-05-07T19:06:43Z" finished-at="2020-05-07T19:06:52Z">
          <reporter-output>
          </reporter-output>
        </test-method> <!-- validOrderDetails -->
        <test-method status="PASS" signature="ModifyPersonalDetails()[pri:1, instance:com.training.sanity.tests.LoginTests@1593948d]" name="ModifyPersonalDetails" duration-ms="6133" started-at="2020-05-07T19:06:52Z" finished-at="2020-05-07T19:06:59Z">
          <reporter-output>
          </reporter-output>
        </test-method> <!-- ModifyPersonalDetails -->
        <test-method status="PASS" signature="validPasswordChange()[pri:2, instance:com.training.sanity.tests.LoginTests@1593948d]" name="validPasswordChange" duration-ms="4926" started-at="2020-05-07T19:06:59Z" finished-at="2020-05-07T19:07:03Z">
          <reporter-output>
          </reporter-output>
        </test-method> <!-- validPasswordChange -->
        <test-method status="PASS" signature="tearDown()[pri:0, instance:com.training.sanity.tests.LoginTests@1593948d]" name="tearDown" is-config="true" duration-ms="2665" started-at="2020-05-07T19:07:03Z" finished-at="2020-05-07T19:07:06Z">
          <reporter-output>
          </reporter-output>
        </test-method> <!-- tearDown -->
      </class> <!-- com.training.sanity.tests.LoginTests -->
    </test> <!-- Default test -->
  </suite> <!-- Default suite -->
</testng-results>
